Started GET "/" for 127.0.0.1 at 2024-02-19 14:39:21 +0100
  [1m[35m (9.9ms)[0m  [1m[35mCREATE TABLE "schema_migrations" ("version" varchar NOT NULL PRIMARY KEY)[0m
  [1m[35m (0.2ms)[0m  [1m[35mCREATE TABLE "ar_internal_metadata" ("key" varchar NOT NULL PRIMARY KEY, "value" varchar, "created_at" datetime(6) NOT NULL, "updated_at" datetime(6) NOT NULL)[0m
  [1m[36mActiveRecord::SchemaMigration Load (0.1ms)[0m  [1m[34mSELECT "schema_migrations"."version" FROM "schema_migrations" ORDER BY "schema_migrations"."version" ASC[0m
Processing by Rails::WelcomeController#index as HTML
  Rendering /home/jjivdris/.rbenv/versions/3.1.2/lib/ruby/gems/3.1.0/gems/railties-7.1.3/lib/rails/templates/rails/welcome/index.html.erb
  Rendered /home/jjivdris/.rbenv/versions/3.1.2/lib/ruby/gems/3.1.0/gems/railties-7.1.3/lib/rails/templates/rails/welcome/index.html.erb (Duration: 3.3ms | Allocations: 383)
Completed 200 OK in 50ms (Views: 19.5ms | ActiveRecord: 0.0ms | Allocations: 6230)


Started GET "/new" for 127.0.0.1 at 2024-02-19 14:39:31 +0100
Processing by GamesController#new as HTML
  Rendering layout layouts/application.html.erb
  Rendering games/new.html.erb within layouts/application
  Rendered games/new.html.erb within layouts/application (Duration: 6.3ms | Allocations: 1001)
  Rendered layout layouts/application.html.erb (Duration: 274.4ms | Allocations: 66995)
Completed 200 OK in 282ms (Views: 280.6ms | ActiveRecord: 0.0ms | Allocations: 68086)


Started POST "/score" for 127.0.0.1 at 2024-02-19 14:39:37 +0100
Processing by GamesController#score as TURBO_STREAM
  Parameters: {"authenticity_token"=>"[FILTERED]", "word"=>"swag", "commit"=>"Check Word"}
Completed 500 Internal Server Error in 12ms (ActiveRecord: 0.0ms | Allocations: 3685)


  
NoMethodError (undefined method `split' for nil:NilClass

    @letters = params[:letters].split
                               ^^^^^^):
  
app/controllers/games_controller.rb:9:in `score'
Started GET "/new" for 127.0.0.1 at 2024-02-19 14:44:59 +0100
Processing by GamesController#new as HTML
  Rendering layout layouts/application.html.erb
  Rendering games/new.html.erb within layouts/application
  Rendered games/new.html.erb within layouts/application (Duration: 2.2ms | Allocations: 891)
  Rendered layout layouts/application.html.erb (Duration: 14.5ms | Allocations: 15158)
Completed 200 OK in 17ms (Views: 16.0ms | ActiveRecord: 0.0ms | Allocations: 16226)


Started POST "/score" for 127.0.0.1 at 2024-02-19 14:45:10 +0100
Processing by GamesController#score as TURBO_STREAM
  Parameters: {"authenticity_token"=>"[FILTERED]", "word"=>"elk", "commit"=>"Check Word"}
Completed 500 Internal Server Error in 2ms (ActiveRecord: 0.0ms | Allocations: 1529)


  
NoMethodError (undefined method `split' for nil:NilClass

    @letters = params[:letters].split
                               ^^^^^^):
  
app/controllers/games_controller.rb:11:in `score'
Started GET "/new" for 127.0.0.1 at 2024-02-19 14:57:22 +0100
Processing by GamesController#new as HTML
  Rendering layout layouts/application.html.erb
  Rendering games/new.html.erb within layouts/application
  Rendered games/new.html.erb within layouts/application (Duration: 1.6ms | Allocations: 878)
  Rendered layout layouts/application.html.erb (Duration: 23.7ms | Allocations: 15172)
Completed 200 OK in 27ms (Views: 26.3ms | ActiveRecord: 0.0ms | Allocations: 16232)


Started POST "/score" for 127.0.0.1 at 2024-02-19 14:57:26 +0100
Processing by GamesController#score as TURBO_STREAM
  Parameters: {"authenticity_token"=>"[FILTERED]", "word"=>"t", "commit"=>"Check Word"}
Completed 500 Internal Server Error in 2ms (ActiveRecord: 0.0ms | Allocations: 1530)


  
NoMethodError (undefined method `split' for nil:NilClass

    @letters = params[:letters].split
                               ^^^^^^):
  
app/controllers/games_controller.rb:11:in `score'
Started GET "/new" for 127.0.0.1 at 2024-02-19 15:01:47 +0100
Processing by GamesController#new as HTML
  Rendering layout layouts/application.html.erb
  Rendering games/new.html.erb within layouts/application
  Rendered games/new.html.erb within layouts/application (Duration: 1.1ms | Allocations: 683)
  Rendered layout layouts/application.html.erb (Duration: 12.5ms | Allocations: 14958)
Completed 200 OK in 15ms (Views: 13.8ms | ActiveRecord: 0.0ms | Allocations: 16017)


Started POST "/score" for 127.0.0.1 at 2024-02-19 15:01:55 +0100
Processing by GamesController#score as HTML
  Parameters: {"authenticity_token"=>"[FILTERED]", "letters"=>"P G I T Z K F Y D R", "word"=>"g"}
Completed 500 Internal Server Error in 4ms (ActiveRecord: 0.0ms | Allocations: 3655)


  
NameError (undefined local variable or method `wor' for #<GamesController:0x0000000000a0f0>

    wor.chars.all? {|letter| word.count(letter) <= letters.count(letter)}
    ^^^
Did you mean?  word
               @word
               for):
  
app/controllers/games_controller.rb:29:in `included_in_grid?'
app/controllers/games_controller.rb:13:in `score'
Started GET "/new" for 127.0.0.1 at 2024-02-19 15:02:59 +0100
Processing by GamesController#new as HTML
  Rendering layout layouts/application.html.erb
  Rendering games/new.html.erb within layouts/application
  Rendered games/new.html.erb within layouts/application (Duration: 1.1ms | Allocations: 699)
  Rendered layout layouts/application.html.erb (Duration: 16.7ms | Allocations: 14974)
Completed 200 OK in 19ms (Views: 18.0ms | ActiveRecord: 0.0ms | Allocations: 16033)


Started POST "/score" for 127.0.0.1 at 2024-02-19 15:03:08 +0100
Processing by GamesController#score as HTML
  Parameters: {"authenticity_token"=>"[FILTERED]", "letters"=>"M J E O R G H I Q A", "word"=>"hi"}
Completed 500 Internal Server Error in 10ms (ActiveRecord: 0.0ms | Allocations: 3152)


  
NoMethodError (undefined method `english_word' for #<GamesController:0x0000000000b108>

    if included_in_grid?(@word, @letters) && english_word(@word)
                                             ^^^^^^^^^^^^
Did you mean?  english_word?):
  
app/controllers/games_controller.rb:13:in `score'
Started GET "/new" for 127.0.0.1 at 2024-02-19 15:03:49 +0100
Processing by GamesController#new as HTML
  Rendering layout layouts/application.html.erb
  Rendering games/new.html.erb within layouts/application
  Rendered games/new.html.erb within layouts/application (Duration: 1.0ms | Allocations: 671)
  Rendered layout layouts/application.html.erb (Duration: 16.8ms | Allocations: 14947)
Completed 200 OK in 20ms (Views: 18.8ms | ActiveRecord: 0.0ms | Allocations: 16010)


Started POST "/score" for 127.0.0.1 at 2024-02-19 15:03:57 +0100
Processing by GamesController#score as HTML
  Parameters: {"authenticity_token"=>"[FILTERED]", "letters"=>"X C P H Z D J K T W", "word"=>"hi"}
  Rendering layout layouts/application.html.erb
  Rendering games/score.html.erb within layouts/application
  Rendered games/score.html.erb within layouts/application (Duration: 0.9ms | Allocations: 337)
  Rendered layout layouts/application.html.erb (Duration: 3.7ms | Allocations: 1485)
Completed 200 OK in 5ms (Views: 4.3ms | ActiveRecord: 0.0ms | Allocations: 2144)


Started GET "/new" for 127.0.0.1 at 2024-02-19 15:04:01 +0100
Processing by GamesController#new as HTML
  Rendering layout layouts/application.html.erb
  Rendering games/new.html.erb within layouts/application
  Rendered games/new.html.erb within layouts/application (Duration: 0.5ms | Allocations: 345)
  Rendered layout layouts/application.html.erb (Duration: 2.0ms | Allocations: 1497)
Completed 200 OK in 3ms (Views: 2.4ms | ActiveRecord: 0.0ms | Allocations: 1771)


Started POST "/score" for 127.0.0.1 at 2024-02-19 15:04:10 +0100
Processing by GamesController#score as HTML
  Parameters: {"authenticity_token"=>"[FILTERED]", "letters"=>"H D I A N Z T P E G", "word"=>"hdi"}
Completed 500 Internal Server Error in 4ms (ActiveRecord: 0.0ms | Allocations: 3040)


  
NameError (uninitialized constant GamesController::RestClient

    response = JSON.parse(RestClient.get("https://wagon-dictionary.herokuapp.com/#{word}"))
                          ^^^^^^^^^^
Did you mean?  Reline):
  
app/controllers/games_controller.rb:33:in `english_word?'
app/controllers/games_controller.rb:13:in `score'
Started GET "/new" for 127.0.0.1 at 2024-02-19 15:04:22 +0100
Processing by GamesController#new as HTML
  Rendering layout layouts/application.html.erb
  Rendering games/new.html.erb within layouts/application
  Rendered games/new.html.erb within layouts/application (Duration: 0.5ms | Allocations: 354)
  Rendered layout layouts/application.html.erb (Duration: 4.0ms | Allocations: 1511)
Completed 200 OK in 5ms (Views: 4.5ms | ActiveRecord: 0.0ms | Allocations: 1784)


Started GET "/new" for 127.0.0.1 at 2024-02-19 15:04:56 +0100
Processing by GamesController#new as HTML
  Rendering layout layouts/application.html.erb
  Rendering games/new.html.erb within layouts/application
  Rendered games/new.html.erb within layouts/application (Duration: 0.6ms | Allocations: 360)
  Rendered layout layouts/application.html.erb (Duration: 1.9ms | Allocations: 1512)
Completed 200 OK in 3ms (Views: 2.3ms | ActiveRecord: 0.0ms | Allocations: 1783)


Started GET "/new" for 127.0.0.1 at 2024-02-19 15:05:11 +0100
Processing by GamesController#new as HTML
  Rendering layout layouts/application.html.erb
  Rendering games/new.html.erb within layouts/application
  Rendered games/new.html.erb within layouts/application (Duration: 0.5ms | Allocations: 345)
  Rendered layout layouts/application.html.erb (Duration: 2.0ms | Allocations: 1497)
Completed 200 OK in 3ms (Views: 2.4ms | ActiveRecord: 0.0ms | Allocations: 1768)


Started POST "/score" for 127.0.0.1 at 2024-02-19 15:05:23 +0100
Processing by GamesController#score as HTML
  Parameters: {"authenticity_token"=>"[FILTERED]", "letters"=>"L Y G I A C W X U S", "word"=>"gay"}
Completed 500 Internal Server Error in 6ms (ActiveRecord: 0.0ms | Allocations: 2984)


  
NameError (uninitialized constant GamesController::RestClient

    response = JSON.parse(RestClient.get("https://wagon-dictionary.herokuapp.com/#{word}"))
                          ^^^^^^^^^^
Did you mean?  Reline):
  
app/controllers/games_controller.rb:33:in `english_word?'
app/controllers/games_controller.rb:13:in `score'
Started GET "/new" for 127.0.0.1 at 2024-02-19 15:06:40 +0100
Processing by GamesController#new as HTML
  Rendering layout layouts/application.html.erb
  Rendering games/new.html.erb within layouts/application
  Rendered games/new.html.erb within layouts/application (Duration: 1.3ms | Allocations: 695)
  Rendered layout layouts/application.html.erb (Duration: 16.0ms | Allocations: 14971)
Completed 200 OK in 18ms (Views: 17.6ms | ActiveRecord: 0.0ms | Allocations: 16034)


Started GET "/new" for 127.0.0.1 at 2024-02-19 15:06:42 +0100
Processing by GamesController#new as HTML
  Rendering layout layouts/application.html.erb
  Rendering games/new.html.erb within layouts/application
  Rendered games/new.html.erb within layouts/application (Duration: 0.8ms | Allocations: 354)
  Rendered layout layouts/application.html.erb (Duration: 3.2ms | Allocations: 1513)
Completed 200 OK in 4ms (Views: 3.9ms | ActiveRecord: 0.0ms | Allocations: 1802)


Started POST "/score" for 127.0.0.1 at 2024-02-19 15:06:59 +0100
Processing by GamesController#score as HTML
  Parameters: {"authenticity_token"=>"[FILTERED]", "letters"=>"D F K M Z Y X J I G", "word"=>"wer"}
  Rendering layout layouts/application.html.erb
  Rendering games/score.html.erb within layouts/application
  Rendered games/score.html.erb within layouts/application (Duration: 1.0ms | Allocations: 299)
  Rendered layout layouts/application.html.erb (Duration: 4.0ms | Allocations: 1447)
Completed 200 OK in 6ms (Views: 4.6ms | ActiveRecord: 0.0ms | Allocations: 2094)


Started GET "/new" for 127.0.0.1 at 2024-02-19 15:07:01 +0100
Processing by GamesController#new as HTML
  Rendering layout layouts/application.html.erb
  Rendering games/new.html.erb within layouts/application
  Rendered games/new.html.erb within layouts/application (Duration: 0.5ms | Allocations: 366)
  Rendered layout layouts/application.html.erb (Duration: 2.3ms | Allocations: 1518)
Completed 200 OK in 3ms (Views: 2.7ms | ActiveRecord: 0.0ms | Allocations: 1790)


Started POST "/score" for 127.0.0.1 at 2024-02-19 15:07:08 +0100
Processing by GamesController#score as HTML
  Parameters: {"authenticity_token"=>"[FILTERED]", "letters"=>"P V N U F W X B J H", "word"=>"nuf"}
  Rendering layout layouts/application.html.erb
  Rendering games/score.html.erb within layouts/application
  Rendered games/score.html.erb within layouts/application (Duration: 0.1ms | Allocations: 63)
  Rendered layout layouts/application.html.erb (Duration: 1.5ms | Allocations: 1341)
Completed 200 OK in 412ms (Views: 2.2ms | ActiveRecord: 0.0ms | Allocations: 13322)


Started GET "/new" for 127.0.0.1 at 2024-02-19 15:07:10 +0100
Processing by GamesController#new as HTML
  Rendering layout layouts/application.html.erb
  Rendering games/new.html.erb within layouts/application
  Rendered games/new.html.erb within layouts/application (Duration: 0.5ms | Allocations: 419)
  Rendered layout layouts/application.html.erb (Duration: 2.2ms | Allocations: 1573)
Completed 200 OK in 3ms (Views: 2.7ms | ActiveRecord: 0.0ms | Allocations: 1851)


Started POST "/score" for 127.0.0.1 at 2024-02-19 15:07:25 +0100
Processing by GamesController#score as HTML
  Parameters: {"authenticity_token"=>"[FILTERED]", "letters"=>"S G L T P E X B Y R", "word"=>"sex"}
  Rendering layout layouts/application.html.erb
  Rendering games/score.html.erb within layouts/application
  Rendered games/score.html.erb within layouts/application (Duration: 0.2ms | Allocations: 63)
  Rendered layout layouts/application.html.erb (Duration: 1.8ms | Allocations: 1341)
Completed 200 OK in 381ms (Views: 2.4ms | ActiveRecord: 0.0ms | Allocations: 3012)


Started GET "/new" for 127.0.0.1 at 2024-02-19 15:07:29 +0100
Processing by GamesController#new as HTML
  Rendering layout layouts/application.html.erb
  Rendering games/new.html.erb within layouts/application
  Rendered games/new.html.erb within layouts/application (Duration: 0.7ms | Allocations: 416)
  Rendered layout layouts/application.html.erb (Duration: 2.1ms | Allocations: 1570)
Completed 200 OK in 3ms (Views: 2.5ms | ActiveRecord: 0.0ms | Allocations: 1848)


Started POST "/score" for 127.0.0.1 at 2024-02-19 15:14:49 +0100
Processing by GamesController#score as HTML
  Parameters: {"authenticity_token"=>"[FILTERED]", "letters"=>"F B G U O N C Y I S", "word"=>"gun"}
  Rendering layout layouts/application.html.erb
  Rendering games/score.html.erb within layouts/application
  Rendered games/score.html.erb within layouts/application (Duration: 0.2ms | Allocations: 63)
  Rendered layout layouts/application.html.erb (Duration: 1.8ms | Allocations: 1341)
Completed 200 OK in 879ms (Views: 2.6ms | ActiveRecord: 0.0ms | Allocations: 3044)


Started GET "/new" for 127.0.0.1 at 2024-02-19 15:20:27 +0100
Processing by GamesController#new as HTML
  Rendering layout layouts/application.html.erb
  Rendering games/new.html.erb within layouts/application
  Rendered games/new.html.erb within layouts/application (Duration: 1.2ms | Allocations: 670)
  Rendered layout layouts/application.html.erb (Duration: 12.2ms | Allocations: 14877)
Completed 200 OK in 14ms (Views: 13.5ms | ActiveRecord: 0.0ms | Allocations: 15935)


Started GET "/new" for 127.0.0.1 at 2024-02-19 15:20:38 +0100
Processing by GamesController#new as HTML
  Rendering layout layouts/application.html.erb
  Rendering games/new.html.erb within layouts/application
  Rendered games/new.html.erb within layouts/application (Duration: 0.6ms | Allocations: 339)
  Rendered layout layouts/application.html.erb (Duration: 2.0ms | Allocations: 1491)
Completed 200 OK in 3ms (Views: 2.5ms | ActiveRecord: 0.0ms | Allocations: 1780)


Started POST "/score" for 127.0.0.1 at 2024-02-19 15:21:04 +0100
Processing by GamesController#score as HTML
  Parameters: {"authenticity_token"=>"[FILTERED]", "letters"=>"L,D,V,Y,H,G,Z,S,X,U", "word"=>"gus"}
  Rendering layout layouts/application.html.erb
  Rendering games/score.html.erb within layouts/application
  Rendered games/score.html.erb within layouts/application (Duration: 1.6ms | Allocations: 299)
  Rendered layout layouts/application.html.erb (Duration: 3.3ms | Allocations: 1447)
Completed 200 OK in 6ms (Views: 4.4ms | ActiveRecord: 0.0ms | Allocations: 2057)


Started GET "/score" for 127.0.0.1 at 2024-02-19 15:23:35 +0100
  
ActionController::RoutingError (No route matches [GET] "/score"):
  
Started GET "/new" for 127.0.0.1 at 2024-02-19 15:23:41 +0100
Processing by GamesController#new as HTML
  Rendering layout layouts/application.html.erb
  Rendering games/new.html.erb within layouts/application
  Rendered games/new.html.erb within layouts/application (Duration: 2.1ms | Allocations: 687)
  Rendered layout layouts/application.html.erb (Duration: 5.9ms | Allocations: 1945)
Completed 200 OK in 11ms (Views: 9.0ms | ActiveRecord: 0.0ms | Allocations: 2960)


Started GET "/new" for 127.0.0.1 at 2024-02-19 15:23:42 +0100
Processing by GamesController#new as HTML
  Rendering layout layouts/application.html.erb
  Rendering games/new.html.erb within layouts/application
  Rendered games/new.html.erb within layouts/application (Duration: 0.7ms | Allocations: 333)
  Rendered layout layouts/application.html.erb (Duration: 5.1ms | Allocations: 1254)
Completed 200 OK in 7ms (Views: 6.0ms | ActiveRecord: 0.0ms | Allocations: 1543)


Started POST "/score" for 127.0.0.1 at 2024-02-19 15:24:17 +0100
Processing by GamesController#score as HTML
  Parameters: {"authenticity_token"=>"[FILTERED]", "letters"=>"U,L,T,F,I,P,O,Z,V,X", "word"=>"flip"}
  Rendering layout layouts/application.html.erb
  Rendering games/score.html.erb within layouts/application
  Rendered games/score.html.erb within layouts/application (Duration: 0.9ms | Allocations: 302)
  Rendered layout layouts/application.html.erb (Duration: 3.5ms | Allocations: 1234)
Completed 200 OK in 6ms (Views: 5.2ms | ActiveRecord: 0.0ms | Allocations: 1844)


Started GET "/new" for 127.0.0.1 at 2024-02-19 15:28:22 +0100
Processing by GamesController#new as HTML
  Rendering layout layouts/application.html.erb
  Rendering games/new.html.erb within layouts/application
  Rendered games/new.html.erb within layouts/application (Duration: 1.2ms | Allocations: 354)
  Rendered layout layouts/application.html.erb (Duration: 5.9ms | Allocations: 1282)
Completed 200 OK in 8ms (Views: 7.2ms | ActiveRecord: 0.0ms | Allocations: 1566)


Started GET "/new" for 127.0.0.1 at 2024-02-19 15:28:31 +0100
Processing by GamesController#new as HTML
  Rendering layout layouts/application.html.erb
  Rendering games/new.html.erb within layouts/application
  Rendered games/new.html.erb within layouts/application (Duration: 0.5ms | Allocations: 336)
  Rendered layout layouts/application.html.erb (Duration: 1.9ms | Allocations: 1257)
Completed 200 OK in 3ms (Views: 2.5ms | ActiveRecord: 0.0ms | Allocations: 1528)


Started GET "/new" for 127.0.0.1 at 2024-02-19 15:28:40 +0100
Processing by GamesController#new as HTML
  Rendering layout layouts/application.html.erb
  Rendering games/new.html.erb within layouts/application
  Rendered games/new.html.erb within layouts/application (Duration: 0.4ms | Allocations: 339)
  Rendered layout layouts/application.html.erb (Duration: 1.6ms | Allocations: 1260)
Completed 200 OK in 2ms (Views: 2.0ms | ActiveRecord: 0.0ms | Allocations: 1531)


Started GET "/new" for 127.0.0.1 at 2024-02-19 15:28:52 +0100
Processing by GamesController#new as HTML
  Rendering layout layouts/application.html.erb
  Rendering games/new.html.erb within layouts/application
  Rendered games/new.html.erb within layouts/application (Duration: 0.4ms | Allocations: 357)
  Rendered layout layouts/application.html.erb (Duration: 1.6ms | Allocations: 1278)
Completed 200 OK in 2ms (Views: 2.1ms | ActiveRecord: 0.0ms | Allocations: 1549)


Started POST "/score" for 127.0.0.1 at 2024-02-19 15:29:03 +0100
Processing by GamesController#score as HTML
  Parameters: {"authenticity_token"=>"[FILTERED]", "letters"=>"W,R,M,Y,P,B,N,S,U,Q", "word"=>"sun"}
  Rendering layout layouts/application.html.erb
  Rendering games/score.html.erb within layouts/application
  Rendered games/score.html.erb within layouts/application (Duration: 0.1ms | Allocations: 37)
  Rendered layout layouts/application.html.erb (Duration: 1.4ms | Allocations: 954)
Completed 200 OK in 2ms (Views: 1.8ms | ActiveRecord: 0.0ms | Allocations: 1477)


Started GET "/new" for 127.0.0.1 at 2024-02-19 15:33:32 +0100
Processing by GamesController#new as HTML
  Rendering layout layouts/application.html.erb
  Rendering games/new.html.erb within layouts/application
  Rendered games/new.html.erb within layouts/application (Duration: 1.4ms | Allocations: 678)
  Rendered layout layouts/application.html.erb (Duration: 4.8ms | Allocations: 1930)
Completed 200 OK in 7ms (Views: 6.5ms | ActiveRecord: 0.0ms | Allocations: 2988)


Started POST "/score" for 127.0.0.1 at 2024-02-19 15:33:50 +0100
Processing by GamesController#score as HTML
  Parameters: {"authenticity_token"=>"[FILTERED]", "letters"=>"N,R,U,H,M,I,O,S,Y,B", "word"=>"rum"}
  Rendering layout layouts/application.html.erb
  Rendering games/score.html.erb within layouts/application
  Rendered games/score.html.erb within layouts/application (Duration: 0.9ms | Allocations: 303)
  Rendered layout layouts/application.html.erb (Duration: 3.4ms | Allocations: 1220)
Completed 200 OK in 6ms (Views: 4.1ms | ActiveRecord: 0.0ms | Allocations: 1859)


Started POST "/score" for 127.0.0.1 at 2024-02-19 15:34:49 +0100
Processing by GamesController#score as HTML
  Parameters: {"authenticity_token"=>"[FILTERED]", "letters"=>"N,R,U,H,M,I,O,S,Y,B", "word"=>"rum"}
Completed 500 Internal Server Error in 10ms (ActiveRecord: 0.0ms | Allocations: 3307)


  
NoMethodError (undefined method `included_in_grid?' for #<GamesController:0x000000000113a0>

    elsif !included_in_grid?(@word, @letters)
           ^^^^^^^^^^^^^^^^^
Did you mean?  included?):
  
app/controllers/games_controller.rb:15:in `score'
Started POST "/score" for 127.0.0.1 at 2024-02-19 15:34:56 +0100
Processing by GamesController#score as HTML
  Parameters: {"authenticity_token"=>"[FILTERED]", "letters"=>"N,R,U,H,M,I,O,S,Y,B", "word"=>"rum"}
Completed 500 Internal Server Error in 17ms (ActiveRecord: 0.0ms | Allocations: 3158)


  
NoMethodError (undefined method `included_in_grid?' for #<GamesController:0x000000000116e8>

    elsif !included_in_grid?(@word, @letters)
           ^^^^^^^^^^^^^^^^^
Did you mean?  included?):
  
app/controllers/games_controller.rb:15:in `score'
Started POST "/score" for 127.0.0.1 at 2024-02-19 15:35:24 +0100
Processing by GamesController#score as HTML
  Parameters: {"authenticity_token"=>"[FILTERED]", "letters"=>"N,R,U,H,M,I,O,S,Y,B", "word"=>"rum"}
  Rendering layout layouts/application.html.erb
  Rendering games/score.html.erb within layouts/application
  Rendered games/score.html.erb within layouts/application (Duration: 0.8ms | Allocations: 353)
  Rendered layout layouts/application.html.erb (Duration: 3.6ms | Allocations: 1621)
Completed 200 OK in 7ms (Views: 5.4ms | ActiveRecord: 0.0ms | Allocations: 3071)


Started POST "/score" for 127.0.0.1 at 2024-02-19 15:39:23 +0100
Processing by GamesController#score as HTML
  Parameters: {"authenticity_token"=>"[FILTERED]", "letters"=>"N,R,U,H,M,I,O,S,Y,B", "word"=>"rum"}
Completed 500 Internal Server Error in 5ms (ActiveRecord: 0.0ms | Allocations: 3240)


  
NoMethodError (undefined method `include?' for #<GamesController:0x000000000135b0>

    @include = include?(@word, @letters)
               ^^^^^^^^
Did you mean?  included?):
  
app/controllers/games_controller.rb:13:in `score'
Started POST "/score" for 127.0.0.1 at 2024-02-19 15:40:41 +0100
Processing by GamesController#score as HTML
  Parameters: {"authenticity_token"=>"[FILTERED]", "letters"=>"N,R,U,H,M,I,O,S,Y,B", "word"=>"rum"}
Completed 500 Internal Server Error in 351ms (ActiveRecord: 0.0ms | Allocations: 4308)


  
NoMethodError (undefined method `scores' for #<GamesController:0x000000000146b8>

    @scores = scores(@word, @letters)
              ^^^^^^
Did you mean?  score):
  
app/controllers/games_controller.rb:15:in `score'
Started POST "/score" for 127.0.0.1 at 2024-02-19 15:43:54 +0100
Processing by GamesController#score as HTML
  Parameters: {"authenticity_token"=>"[FILTERED]", "letters"=>"N,R,U,H,M,I,O,S,Y,B", "word"=>"rum"}
  Rendering layout layouts/application.html.erb
  Rendering games/score.html.erb within layouts/application
  Rendered games/score.html.erb within layouts/application (Duration: 1.0ms | Allocations: 352)
  Rendered layout layouts/application.html.erb (Duration: 2.9ms | Allocations: 1620)
Completed 200 OK in 389ms (Views: 4.2ms | ActiveRecord: 0.0ms | Allocations: 4119)


Started POST "/score" for 127.0.0.1 at 2024-02-19 15:46:28 +0100
Processing by GamesController#score as HTML
  Parameters: {"authenticity_token"=>"[FILTERED]", "letters"=>"N,R,U,H,M,I,O,S,Y,B", "word"=>"rum"}
  Rendering layout layouts/application.html.erb
  Rendering games/score.html.erb within layouts/application
  Rendered games/score.html.erb within layouts/application (Duration: 0.7ms | Allocations: 352)
  Rendered layout layouts/application.html.erb (Duration: 2.8ms | Allocations: 1615)
Completed 200 OK in 1337ms (Views: 4.2ms | ActiveRecord: 0.0ms | Allocations: 4084)


Started GET "/new" for 127.0.0.1 at 2024-02-19 15:46:38 +0100
Processing by GamesController#new as HTML
  Rendering layout layouts/application.html.erb
  Rendering games/new.html.erb within layouts/application
  Rendered games/new.html.erb within layouts/application (Duration: 1.0ms | Allocations: 585)
  Rendered layout layouts/application.html.erb (Duration: 2.3ms | Allocations: 1508)
Completed 200 OK in 3ms (Views: 2.7ms | ActiveRecord: 0.0ms | Allocations: 1982)


Started POST "/score" for 127.0.0.1 at 2024-02-19 15:46:44 +0100
Processing by GamesController#score as HTML
  Parameters: {"authenticity_token"=>"[FILTERED]", "letters"=>"I,N,Q,D,O,Q,A,I,O,T", "word"=>"do"}
  Rendering layout layouts/application.html.erb
  Rendering games/score.html.erb within layouts/application
  Rendered games/score.html.erb within layouts/application (Duration: 0.2ms | Allocations: 63)
  Rendered layout layouts/application.html.erb (Duration: 1.6ms | Allocations: 1103)
Completed 200 OK in 276ms (Views: 2.3ms | ActiveRecord: 0.0ms | Allocations: 2751)


Started POST "/score" for 127.0.0.1 at 2024-02-19 15:48:16 +0100
Processing by GamesController#score as HTML
  Parameters: {"authenticity_token"=>"[FILTERED]", "letters"=>"I,N,Q,D,O,Q,A,I,O,T", "word"=>"do"}
  Rendering layout layouts/application.html.erb
  Rendering games/score.html.erb within layouts/application
  Rendered games/score.html.erb within layouts/application (Duration: 1.0ms | Allocations: 361)
  Rendered layout layouts/application.html.erb (Duration: 3.5ms | Allocations: 1629)
Completed 200 OK in 936ms (Views: 6.0ms | ActiveRecord: 0.0ms | Allocations: 4138)


Started GET "/new" for 127.0.0.1 at 2024-02-19 15:48:21 +0100
Processing by GamesController#new as HTML
  Rendering layout layouts/application.html.erb
  Rendering games/new.html.erb within layouts/application
  Rendered games/new.html.erb within layouts/application (Duration: 1.8ms | Allocations: 594)
  Rendered layout layouts/application.html.erb (Duration: 3.3ms | Allocations: 1517)
Completed 200 OK in 4ms (Views: 3.8ms | ActiveRecord: 0.0ms | Allocations: 1988)


Started POST "/score" for 127.0.0.1 at 2024-02-19 15:48:36 +0100
Processing by GamesController#score as HTML
  Parameters: {"authenticity_token"=>"[FILTERED]", "letters"=>"U,E,J,O,L,V,T,U,A,G", "word"=>"love"}
  Rendering layout layouts/application.html.erb
  Rendering games/score.html.erb within layouts/application
  Rendered games/score.html.erb within layouts/application (Duration: 0.2ms | Allocations: 63)
  Rendered layout layouts/application.html.erb (Duration: 1.8ms | Allocations: 1103)
Completed 200 OK in 755ms (Views: 2.4ms | ActiveRecord: 0.0ms | Allocations: 2762)


Started GET "/new" for 127.0.0.1 at 2024-02-19 15:49:27 +0100
Processing by GamesController#new as HTML
  Rendering layout layouts/application.html.erb
  Rendering games/new.html.erb within layouts/application
  Rendered games/new.html.erb within layouts/application (Duration: 1.5ms | Allocations: 654)
  Rendered layout layouts/application.html.erb (Duration: 3.5ms | Allocations: 1906)
Completed 200 OK in 6ms (Views: 4.7ms | ActiveRecord: 0.0ms | Allocations: 3088)


Started POST "/score" for 127.0.0.1 at 2024-02-19 15:49:40 +0100
Processing by GamesController#score as HTML
  Parameters: {"authenticity_token"=>"[FILTERED]", "letters"=>"O,O,L,A,I,K,J,E,T,R", "word"=>"jet"}
  Rendering layout layouts/application.html.erb
  Rendering games/score.html.erb within layouts/application
  Rendered games/score.html.erb within layouts/application (Duration: 0.8ms | Allocations: 357)
  Rendered layout layouts/application.html.erb (Duration: 2.1ms | Allocations: 1400)
Completed 200 OK in 1744ms (Views: 2.9ms | ActiveRecord: 0.0ms | Allocations: 3188)


Started GET "/new" for 127.0.0.1 at 2024-02-19 15:49:44 +0100
Processing by GamesController#new as HTML
  Rendering layout layouts/application.html.erb
  Rendering games/new.html.erb within layouts/application
  Rendered games/new.html.erb within layouts/application (Duration: 0.8ms | Allocations: 398)
  Rendered layout layouts/application.html.erb (Duration: 3.2ms | Allocations: 1321)
Completed 200 OK in 5ms (Views: 4.1ms | ActiveRecord: 0.0ms | Allocations: 1721)


Started GET "/new" for 127.0.0.1 at 2024-02-19 15:53:53 +0100
Processing by GamesController#new as HTML
  Rendering layout layouts/application.html.erb
  Rendering games/new.html.erb within layouts/application
  Rendered games/new.html.erb within layouts/application (Duration: 1.0ms | Allocations: 660)
  Rendered layout layouts/application.html.erb (Duration: 3.3ms | Allocations: 1912)
Completed 200 OK in 6ms (Views: 4.6ms | ActiveRecord: 0.0ms | Allocations: 3092)


Started POST "/score" for 127.0.0.1 at 2024-02-19 15:54:10 +0100
Processing by GamesController#score as HTML
  Parameters: {"authenticity_token"=>"[FILTERED]", "letters"=>"L,Z,E,T,A,T,A,I,B,U", "word"=>"let"}
  Rendering layout layouts/application.html.erb
  Rendering games/score.html.erb within layouts/application
  Rendered games/score.html.erb within layouts/application (Duration: 0.8ms | Allocations: 357)
  Rendered layout layouts/application.html.erb (Duration: 2.3ms | Allocations: 1395)
Completed 200 OK in 350ms (Views: 3.1ms | ActiveRecord: 0.0ms | Allocations: 3164)


Started GET "/new" for 127.0.0.1 at 2024-02-19 15:54:12 +0100
Processing by GamesController#new as HTML
  Rendering layout layouts/application.html.erb
  Rendering games/new.html.erb within layouts/application
  Rendered games/new.html.erb within layouts/application (Duration: 0.6ms | Allocations: 392)
  Rendered layout layouts/application.html.erb (Duration: 13.2ms | Allocations: 1315)
Completed 200 OK in 15ms (Views: 14.4ms | ActiveRecord: 0.0ms | Allocations: 1716)


Started POST "/score" for 127.0.0.1 at 2024-02-19 15:57:19 +0100
Processing by GamesController#score as HTML
  Parameters: {"authenticity_token"=>"[FILTERED]", "letters"=>"S,S,Q,A,I,A,C,T,O,O", "word"=>"toss"}
  Rendering layout layouts/application.html.erb
  Rendering games/score.html.erb within layouts/application
  Rendered games/score.html.erb within layouts/application (Duration: 1.2ms | Allocations: 357)
  Rendered layout layouts/application.html.erb (Duration: 3.1ms | Allocations: 1625)
Completed 200 OK in 399ms (Views: 4.4ms | ActiveRecord: 0.0ms | Allocations: 4132)


Started GET "/new" for 127.0.0.1 at 2024-02-19 15:59:22 +0100
Processing by GamesController#new as HTML
  Rendering layout layouts/application.html.erb
  Rendering games/new.html.erb within layouts/application
  Rendered games/new.html.erb within layouts/application (Duration: 2.5ms | Allocations: 603)
  Rendered layout layouts/application.html.erb (Duration: 4.1ms | Allocations: 1526)
Completed 200 OK in 6ms (Views: 4.9ms | ActiveRecord: 0.0ms | Allocations: 2004)


Started POST "/score" for 127.0.0.1 at 2024-02-19 15:59:29 +0100
Processing by GamesController#score as HTML
  Parameters: {"authenticity_token"=>"[FILTERED]", "letters"=>"U,A,E,Z,P,N,O,N,S,A", "word"=>"03"}
  Rendering layout layouts/application.html.erb
  Rendering games/score.html.erb within layouts/application
  Rendered games/score.html.erb within layouts/application (Duration: 0.2ms | Allocations: 63)
  Rendered layout layouts/application.html.erb (Duration: 2.0ms | Allocations: 1103)
Completed 200 OK in 290ms (Views: 2.6ms | ActiveRecord: 0.0ms | Allocations: 2771)


Started GET "/new" for 127.0.0.1 at 2024-02-19 15:59:31 +0100
Processing by GamesController#new as HTML
  Rendering layout layouts/application.html.erb
  Rendering games/new.html.erb within layouts/application
  Rendered games/new.html.erb within layouts/application (Duration: 0.8ms | Allocations: 407)
  Rendered layout layouts/application.html.erb (Duration: 4.1ms | Allocations: 1330)
Completed 200 OK in 5ms (Views: 4.8ms | ActiveRecord: 0.0ms | Allocations: 1730)


Started POST "/score" for 127.0.0.1 at 2024-02-19 15:59:44 +0100
Processing by GamesController#score as HTML
  Parameters: {"authenticity_token"=>"[FILTERED]", "letters"=>"A,U,N,O,K,Q,E,P,S,I", "word"=>"pepsi"}
  Rendering layout layouts/application.html.erb
  Rendering games/score.html.erb within layouts/application
  Rendered games/score.html.erb within layouts/application (Duration: 0.4ms | Allocations: 63)
  Rendered layout layouts/application.html.erb (Duration: 2.0ms | Allocations: 1103)
Completed 200 OK in 507ms (Views: 2.6ms | ActiveRecord: 0.0ms | Allocations: 2767)


Started POST "/score" for 127.0.0.1 at 2024-02-19 16:00:22 +0100
Processing by GamesController#score as HTML
  Parameters: {"authenticity_token"=>"[FILTERED]", "letters"=>"A,U,N,O,K,Q,E,P,S,I", "word"=>"pepsi"}
  Rendering layout layouts/application.html.erb
  Rendering games/score.html.erb within layouts/application
  Rendered games/score.html.erb within layouts/application (Duration: 0.2ms | Allocations: 63)
  Rendered layout layouts/application.html.erb (Duration: 1.7ms | Allocations: 1104)
Completed 200 OK in 328ms (Views: 2.3ms | ActiveRecord: 0.0ms | Allocations: 2881)


Started GET "/new" for 127.0.0.1 at 2024-02-19 16:00:33 +0100
Processing by GamesController#new as HTML
  Rendering layout layouts/application.html.erb
  Rendering games/new.html.erb within layouts/application
  Rendered games/new.html.erb within layouts/application (Duration: 0.5ms | Allocations: 398)
  Rendered layout layouts/application.html.erb (Duration: 1.9ms | Allocations: 1321)
Completed 200 OK in 3ms (Views: 2.3ms | ActiveRecord: 0.0ms | Allocations: 1721)


Started POST "/score" for 127.0.0.1 at 2024-02-19 16:00:57 +0100
Processing by GamesController#score as HTML
  Parameters: {"authenticity_token"=>"[FILTERED]", "letters"=>"T,K,G,E,B,A,U,E,E,V", "word"=>"get"}
  Rendering layout layouts/application.html.erb
  Rendering games/score.html.erb within layouts/application
  Rendered games/score.html.erb within layouts/application (Duration: 0.2ms | Allocations: 64)
  Rendered layout layouts/application.html.erb (Duration: 1.8ms | Allocations: 1104)
Completed 200 OK in 365ms (Views: 2.4ms | ActiveRecord: 0.0ms | Allocations: 2778)


Started GET "/new" for 127.0.0.1 at 2024-02-19 16:01:10 +0100
Processing by GamesController#new as HTML
  Rendering layout layouts/application.html.erb
  Rendering games/new.html.erb within layouts/application
  Rendered games/new.html.erb within layouts/application (Duration: 0.8ms | Allocations: 404)
  Rendered layout layouts/application.html.erb (Duration: 3.3ms | Allocations: 1327)
Completed 200 OK in 4ms (Views: 4.0ms | ActiveRecord: 0.0ms | Allocations: 1727)


Started GET "/new" for 127.0.0.1 at 2024-02-19 16:01:39 +0100
Processing by GamesController#new as HTML
  Rendering layout layouts/application.html.erb
  Rendering games/new.html.erb within layouts/application
  Rendered games/new.html.erb within layouts/application (Duration: 0.5ms | Allocations: 339)
  Rendered layout layouts/application.html.erb (Duration: 1.7ms | Allocations: 1260)
Completed 200 OK in 3ms (Views: 2.2ms | ActiveRecord: 0.0ms | Allocations: 1650)


Started POST "/score" for 127.0.0.1 at 2024-02-19 16:02:08 +0100
Processing by GamesController#score as HTML
  Parameters: {"authenticity_token"=>"[FILTERED]", "letters"=>"K,I,B,Q,J,O,I,V,O,I", "word"=>"ivo"}
  Rendering layout layouts/application.html.erb
  Rendering games/score.html.erb within layouts/application
  Rendered games/score.html.erb within layouts/application (Duration: 0.2ms | Allocations: 64)
  Rendered layout layouts/application.html.erb (Duration: 1.7ms | Allocations: 1104)
Completed 200 OK in 400ms (Views: 2.4ms | ActiveRecord: 0.0ms | Allocations: 2805)


Started GET "/new" for 127.0.0.1 at 2024-02-19 16:02:11 +0100
Processing by GamesController#new as HTML
  Rendering layout layouts/application.html.erb
  Rendering games/new.html.erb within layouts/application
  Rendered games/new.html.erb within layouts/application (Duration: 0.9ms | Allocations: 419)
  Rendered layout layouts/application.html.erb (Duration: 4.3ms | Allocations: 1342)
Completed 200 OK in 6ms (Views: 5.0ms | ActiveRecord: 0.0ms | Allocations: 1742)


Started POST "/score" for 127.0.0.1 at 2024-02-19 16:02:23 +0100
Processing by GamesController#score as HTML
  Parameters: {"authenticity_token"=>"[FILTERED]", "letters"=>"I,E,T,O,N,E,J,N,T,A", "word"=>"jet"}
  Rendering layout layouts/application.html.erb
  Rendering games/score.html.erb within layouts/application
  Rendered games/score.html.erb within layouts/application (Duration: 0.3ms | Allocations: 64)
  Rendered layout layouts/application.html.erb (Duration: 2.0ms | Allocations: 1104)
Completed 200 OK in 347ms (Views: 2.6ms | ActiveRecord: 0.0ms | Allocations: 2769)


Started GET "/new" for 127.0.0.1 at 2024-02-19 16:02:25 +0100
Processing by GamesController#new as HTML
  Rendering layout layouts/application.html.erb
  Rendering games/new.html.erb within layouts/application
  Rendered games/new.html.erb within layouts/application (Duration: 19.4ms | Allocations: 404)
  Rendered layout layouts/application.html.erb (Duration: 52.8ms | Allocations: 1327)
Completed 200 OK in 54ms (Views: 53.5ms | ActiveRecord: 0.0ms | Allocations: 1727)


Started POST "/score" for 127.0.0.1 at 2024-02-19 16:02:31 +0100
Processing by GamesController#score as HTML
  Parameters: {"authenticity_token"=>"[FILTERED]", "letters"=>"R,W,U,F,W,U,E,D,O,E", "word"=>"rufus"}
  Rendering layout layouts/application.html.erb
  Rendering games/score.html.erb within layouts/application
  Rendered games/score.html.erb within layouts/application (Duration: 0.2ms | Allocations: 63)
  Rendered layout layouts/application.html.erb (Duration: 1.8ms | Allocations: 1104)
Completed 200 OK in 368ms (Views: 2.4ms | ActiveRecord: 0.0ms | Allocations: 2784)


Started GET "/new" for 127.0.0.1 at 2024-02-19 16:02:36 +0100
Processing by GamesController#new as HTML
  Rendering layout layouts/application.html.erb
  Rendering games/new.html.erb within layouts/application
  Rendered games/new.html.erb within layouts/application (Duration: 0.7ms | Allocations: 425)
  Rendered layout layouts/application.html.erb (Duration: 3.5ms | Allocations: 1348)
Completed 200 OK in 4ms (Views: 4.1ms | ActiveRecord: 0.0ms | Allocations: 1749)


Started POST "/score" for 127.0.0.1 at 2024-02-19 16:02:53 +0100
Processing by GamesController#score as HTML
  Parameters: {"authenticity_token"=>"[FILTERED]", "letters"=>"X,Y,J,N,U,E,E,W,E,O", "word"=>"my name is geor"}
Completed 500 Internal Server Error in 2ms (ActiveRecord: 0.0ms | Allocations: 862)


  
URI::InvalidURIError (bad URI(is not URI?): "https://wagon-dictionary.herokuapp.com/MY NAME IS GEOR"):
  
app/controllers/games_controller.rb:22:in `english_word?'
app/controllers/games_controller.rb:15:in `score'
Started POST "/score" for 127.0.0.1 at 2024-02-19 16:03:10 +0100
Processing by GamesController#score as HTML
  Parameters: {"authenticity_token"=>"[FILTERED]", "letters"=>"X,Y,J,N,U,E,E,W,E,O", "word"=>"valdis"}
  Rendering layout layouts/application.html.erb
  Rendering games/score.html.erb within layouts/application
  Rendered games/score.html.erb within layouts/application (Duration: 0.2ms | Allocations: 63)
  Rendered layout layouts/application.html.erb (Duration: 1.6ms | Allocations: 1108)
Completed 200 OK in 394ms (Views: 2.2ms | ActiveRecord: 0.0ms | Allocations: 2806)


Started GET "/new" for 127.0.0.1 at 2024-02-19 16:03:50 +0100
Processing by GamesController#new as HTML
  Rendering layout layouts/application.html.erb
  Rendering games/new.html.erb within layouts/application
  Rendered games/new.html.erb within layouts/application (Duration: 1.5ms | Allocations: 404)
  Rendered layout layouts/application.html.erb (Duration: 3.4ms | Allocations: 1327)
Completed 200 OK in 5ms (Views: 4.3ms | ActiveRecord: 0.0ms | Allocations: 1727)


Started POST "/score" for 127.0.0.1 at 2024-02-19 16:04:08 +0100
Processing by GamesController#score as HTML
  Parameters: {"authenticity_token"=>"[FILTERED]", "letters"=>"X,I,R,I,X,Z,A,E,N,E", "word"=>"zane"}
  Rendering layout layouts/application.html.erb
  Rendering games/score.html.erb within layouts/application
  Rendered games/score.html.erb within layouts/application (Duration: 0.1ms | Allocations: 64)
  Rendered layout layouts/application.html.erb (Duration: 1.7ms | Allocations: 1104)
Completed 200 OK in 382ms (Views: 2.3ms | ActiveRecord: 0.0ms | Allocations: 2757)


Started GET "/new" for 127.0.0.1 at 2024-02-19 16:04:11 +0100
Processing by GamesController#new as HTML
  Rendering layout layouts/application.html.erb
  Rendering games/new.html.erb within layouts/application
  Rendered games/new.html.erb within layouts/application (Duration: 0.8ms | Allocations: 407)
  Rendered layout layouts/application.html.erb (Duration: 2.4ms | Allocations: 1330)
Completed 200 OK in 3ms (Views: 2.9ms | ActiveRecord: 0.0ms | Allocations: 1730)


Started POST "/score" for 127.0.0.1 at 2024-02-19 16:05:48 +0100
Processing by GamesController#score as HTML
  Parameters: {"authenticity_token"=>"[FILTERED]", "letters"=>"N,U,N,L,E,T,O,A,B,A", "word"=>"nunl"}
  Rendering layout layouts/application.html.erb
  Rendering games/score.html.erb within layouts/application
  Rendered games/score.html.erb within layouts/application (Duration: 0.2ms | Allocations: 63)
  Rendered layout layouts/application.html.erb (Duration: 1.9ms | Allocations: 1103)
Completed 200 OK in 467ms (Views: 2.5ms | ActiveRecord: 0.0ms | Allocations: 2781)


Started GET "/new" for 127.0.0.1 at 2024-02-19 16:05:51 +0100
Processing by GamesController#new as HTML
  Rendering layout layouts/application.html.erb
  Rendering games/new.html.erb within layouts/application
  Rendered games/new.html.erb within layouts/application (Duration: 1.0ms | Allocations: 422)
  Rendered layout layouts/application.html.erb (Duration: 2.8ms | Allocations: 1345)
Completed 200 OK in 4ms (Views: 3.3ms | ActiveRecord: 0.0ms | Allocations: 1745)


